C:\D\STUDENT_PROJECT\PROJECT\FLEX_S15\DEBUG\FLEX_S15.EXE
C:\D\STUDENT_PROJECT\PROJECT\FLEX_S15\DEBUG\FLEX_S15.ILK
C:\D\STUDENT_PROJECT\PROJECT\FLEX_S15\DEBUG\FLEX_S15.PDB
C:\D\student_project\project\Flex_s15\Flex_s15\Debug\cl.command.1.tlog
C:\D\student_project\project\Flex_s15\Flex_s15\Debug\CL.read.1.tlog
C:\D\student_project\project\Flex_s15\Flex_s15\Debug\CL.write.1.tlog
C:\D\STUDENT_PROJECT\PROJECT\FLEX_S15\FLEX_S15\DEBUG\FLEX_S15.EXE.EMBED.MANIFEST
C:\D\STUDENT_PROJECT\PROJECT\FLEX_S15\FLEX_S15\DEBUG\FLEX_S15.EXE.EMBED.MANIFEST.RES
C:\D\STUDENT_PROJECT\PROJECT\FLEX_S15\FLEX_S15\DEBUG\FLEX_S15.EXE.INTERMEDIATE.MANIFEST
C:\D\student_project\project\Flex_s15\Flex_s15\Debug\Flex_s15.vcxprojResolveAssemblyReference.cache
C:\D\student_project\project\Flex_s15\Flex_s15\Debug\Flex_s15.write.1.tlog
C:\D\student_project\project\Flex_s15\Flex_s15\Debug\Flex_s15_manifest.rc
C:\D\student_project\project\Flex_s15\Flex_s15\Debug\link.10072.read.1.tlog
C:\D\student_project\project\Flex_s15\Flex_s15\Debug\link.10072.write.1.tlog
C:\D\student_project\project\Flex_s15\Flex_s15\Debug\link.10072-cvtres.read.1.tlog
C:\D\student_project\project\Flex_s15\Flex_s15\Debug\link.10072-cvtres.write.1.tlog
C:\D\student_project\project\Flex_s15\Flex_s15\Debug\link.1352.read.1.tlog
C:\D\student_project\project\Flex_s15\Flex_s15\Debug\link.1352.write.1.tlog
C:\D\student_project\project\Flex_s15\Flex_s15\Debug\link.1352-cvtres.read.1.tlog
C:\D\student_project\project\Flex_s15\Flex_s15\Debug\link.1352-cvtres.write.1.tlog
C:\D\student_project\project\Flex_s15\Flex_s15\Debug\link.360.read.1.tlog
C:\D\student_project\project\Flex_s15\Flex_s15\Debug\link.360.write.1.tlog
C:\D\student_project\project\Flex_s15\Flex_s15\Debug\link.360-cvtres.read.1.tlog
C:\D\student_project\project\Flex_s15\Flex_s15\Debug\link.360-cvtres.write.1.tlog
C:\D\student_project\project\Flex_s15\Flex_s15\Debug\link.4168.read.1.tlog
C:\D\student_project\project\Flex_s15\Flex_s15\Debug\link.4168.write.1.tlog
C:\D\student_project\project\Flex_s15\Flex_s15\Debug\link.4168-cvtres.read.1.tlog
C:\D\student_project\project\Flex_s15\Flex_s15\Debug\link.4168-cvtres.write.1.tlog
C:\D\student_project\project\Flex_s15\Flex_s15\Debug\link.5320.read.1.tlog
C:\D\student_project\project\Flex_s15\Flex_s15\Debug\link.5320.write.1.tlog
C:\D\student_project\project\Flex_s15\Flex_s15\Debug\link.5320-cvtres.read.1.tlog
C:\D\student_project\project\Flex_s15\Flex_s15\Debug\link.5320-cvtres.write.1.tlog
C:\D\student_project\project\Flex_s15\Flex_s15\Debug\link.5772.read.1.tlog
C:\D\student_project\project\Flex_s15\Flex_s15\Debug\link.5772.write.1.tlog
C:\D\student_project\project\Flex_s15\Flex_s15\Debug\link.5772-cvtres.read.1.tlog
C:\D\student_project\project\Flex_s15\Flex_s15\Debug\link.5772-cvtres.write.1.tlog
C:\D\student_project\project\Flex_s15\Flex_s15\Debug\link.5836.read.1.tlog
C:\D\student_project\project\Flex_s15\Flex_s15\Debug\link.5836.write.1.tlog
C:\D\student_project\project\Flex_s15\Flex_s15\Debug\link.5836-cvtres.read.1.tlog
C:\D\student_project\project\Flex_s15\Flex_s15\Debug\link.5836-cvtres.write.1.tlog
C:\D\student_project\project\Flex_s15\Flex_s15\Debug\link.5840.read.1.tlog
C:\D\student_project\project\Flex_s15\Flex_s15\Debug\link.5840.write.1.tlog
C:\D\student_project\project\Flex_s15\Flex_s15\Debug\link.5840-cvtres.read.1.tlog
C:\D\student_project\project\Flex_s15\Flex_s15\Debug\link.5840-cvtres.write.1.tlog
C:\D\student_project\project\Flex_s15\Flex_s15\Debug\link.7500.read.1.tlog
C:\D\student_project\project\Flex_s15\Flex_s15\Debug\link.7500.write.1.tlog
C:\D\student_project\project\Flex_s15\Flex_s15\Debug\link.7500-cvtres.read.1.tlog
C:\D\student_project\project\Flex_s15\Flex_s15\Debug\link.7500-cvtres.write.1.tlog
C:\D\student_project\project\Flex_s15\Flex_s15\Debug\link.7860.read.1.tlog
C:\D\student_project\project\Flex_s15\Flex_s15\Debug\link.7860.write.1.tlog
C:\D\student_project\project\Flex_s15\Flex_s15\Debug\link.7860-cvtres.read.1.tlog
C:\D\student_project\project\Flex_s15\Flex_s15\Debug\link.7860-cvtres.write.1.tlog
C:\D\student_project\project\Flex_s15\Flex_s15\Debug\link.command.1.tlog
C:\D\student_project\project\Flex_s15\Flex_s15\Debug\link.read.1.tlog
C:\D\student_project\project\Flex_s15\Flex_s15\Debug\link.write.1.tlog
C:\D\student_project\project\Flex_s15\Flex_s15\Debug\link-cvtres.read.1.tlog
C:\D\student_project\project\Flex_s15\Flex_s15\Debug\link-cvtres.write.1.tlog
C:\D\student_project\project\Flex_s15\Flex_s15\Debug\mt.command.1.tlog
C:\D\student_project\project\Flex_s15\Flex_s15\Debug\mt.read.1.tlog
C:\D\student_project\project\Flex_s15\Flex_s15\Debug\mt.write.1.tlog
C:\D\STUDENT_PROJECT\PROJECT\FLEX_S15\FLEX_S15\DEBUG\PARSER.OBJ
C:\D\student_project\project\Flex_s15\Flex_s15\Debug\rc.command.1.tlog
C:\D\student_project\project\Flex_s15\Flex_s15\Debug\rc.read.1.tlog
C:\D\student_project\project\Flex_s15\Flex_s15\Debug\rc.write.1.tlog
C:\D\STUDENT_PROJECT\PROJECT\FLEX_S15\FLEX_S15\DEBUG\SCANNER.OBJ
C:\D\student_project\project\Flex_s15\Flex_s15\Debug\vc100.idb
C:\D\STUDENT_PROJECT\PROJECT\FLEX_S15\FLEX_S15\DEBUG\VC100.PDB
